2018-07-04 00:24:18,172:INFO: Loading the datasets...
2018-07-04 00:24:18,403:INFO: - done.
2018-07-04 00:26:08,904:INFO: Loading the datasets...
2018-07-04 00:26:09,139:INFO: - done.
2018-07-04 00:26:12,804:INFO: Starting training for 10 epoch(s)
2018-07-04 00:26:12,804:INFO: Epoch 1/10
2018-07-04 00:27:21,727:INFO: - Train metrics: accuracy: 0.358 ; loss: 1.637
2018-07-04 00:27:24,681:INFO: - Eval metrics : accuracy: 0.522 ; loss: 1.321
2018-07-04 00:27:25,786:INFO: - Found new best accuracy
2018-07-04 00:27:25,787:INFO: Epoch 2/10
2018-07-04 10:38:32,958:INFO: Loading the datasets...
2018-07-04 10:38:33,203:INFO: - done.
2018-07-04 10:38:37,717:INFO: Starting training for 10 epoch(s)
2018-07-04 10:38:37,717:INFO: Restoring parameters from experiments/vgg_base/best.pth.tar.pth.tar
2018-07-04 10:39:49,281:INFO: Loading the datasets...
2018-07-04 10:39:49,509:INFO: - done.
2018-07-04 10:39:52,989:INFO: Starting training for 10 epoch(s)
2018-07-04 10:39:52,989:INFO: Restoring parameters from experiments/vgg_base/best.pth.tar
2018-07-04 10:39:53,913:INFO: Epoch 1/10
2018-07-04 10:41:02,386:INFO: - Train metrics: accuracy: 0.555 ; loss: 1.207
2018-07-04 10:41:05,171:INFO: - Eval metrics : accuracy: 0.632 ; loss: 1.019
2018-07-04 10:41:06,668:INFO: - Found new best accuracy
2018-07-04 10:41:06,669:INFO: Epoch 2/10
2018-07-04 10:42:15,940:INFO: - Train metrics: accuracy: 0.637 ; loss: 0.977
2018-07-04 10:42:18,751:INFO: - Eval metrics : accuracy: 0.663 ; loss: 0.956
2018-07-04 10:42:20,218:INFO: - Found new best accuracy
2018-07-04 10:42:20,219:INFO: Epoch 3/10
2018-07-04 10:43:29,248:INFO: - Train metrics: accuracy: 0.668 ; loss: 0.914
2018-07-04 10:43:32,069:INFO: - Eval metrics : accuracy: 0.694 ; loss: 0.878
2018-07-04 10:43:33,053:INFO: - Found new best accuracy
2018-07-04 10:43:33,053:INFO: Epoch 4/10
2018-07-04 10:44:42,900:INFO: - Train metrics: accuracy: 0.719 ; loss: 0.779
2018-07-04 10:44:45,884:INFO: - Eval metrics : accuracy: 0.730 ; loss: 0.771
2018-07-04 10:44:46,933:INFO: - Found new best accuracy
2018-07-04 10:44:46,934:INFO: Epoch 5/10
2018-07-04 10:45:56,087:INFO: - Train metrics: accuracy: 0.733 ; loss: 0.770
2018-07-04 10:45:58,911:INFO: - Eval metrics : accuracy: 0.753 ; loss: 0.728
2018-07-04 10:46:00,037:INFO: - Found new best accuracy
2018-07-04 10:46:00,038:INFO: Epoch 6/10
2018-07-04 10:47:09,015:INFO: - Train metrics: accuracy: 0.762 ; loss: 0.655
2018-07-04 10:47:11,857:INFO: - Eval metrics : accuracy: 0.788 ; loss: 0.617
2018-07-04 10:47:12,530:INFO: - Found new best accuracy
2018-07-04 10:47:12,531:INFO: Epoch 7/10
2018-07-04 10:48:21,546:INFO: - Train metrics: accuracy: 0.788 ; loss: 0.603
2018-07-04 10:48:24,383:INFO: - Eval metrics : accuracy: 0.794 ; loss: 0.603
2018-07-04 10:48:25,167:INFO: - Found new best accuracy
2018-07-04 10:48:25,168:INFO: Epoch 8/10
2018-07-04 10:49:33,997:INFO: - Train metrics: accuracy: 0.769 ; loss: 0.626
2018-07-04 10:49:36,838:INFO: - Eval metrics : accuracy: 0.798 ; loss: 0.591
2018-07-04 10:49:37,466:INFO: - Found new best accuracy
2018-07-04 10:49:37,466:INFO: Epoch 9/10
2018-07-04 10:50:46,261:INFO: - Train metrics: accuracy: 0.825 ; loss: 0.507
2018-07-04 10:50:49,071:INFO: - Eval metrics : accuracy: 0.806 ; loss: 0.573
2018-07-04 10:50:49,854:INFO: - Found new best accuracy
2018-07-04 10:50:49,855:INFO: Epoch 10/10
2018-07-04 10:51:58,737:INFO: - Train metrics: accuracy: 0.851 ; loss: 0.446
2018-07-04 10:52:01,567:INFO: - Eval metrics : accuracy: 0.822 ; loss: 0.532
2018-07-04 10:52:02,397:INFO: - Found new best accuracy
2018-07-04 10:53:03,198:INFO: Loading the datasets...
2018-07-04 10:53:03,485:INFO: - done.
2018-07-04 10:53:07,228:INFO: Starting training for 10 epoch(s)
2018-07-04 10:53:07,228:INFO: Restoring parameters from experiments/vgg_base/best.pth.tar
2018-07-04 10:53:07,392:INFO: Epoch 1/10
2018-07-04 10:54:17,027:INFO: - Train metrics: accuracy: 0.827 ; loss: 0.475
2018-07-04 10:54:19,812:INFO: - Eval metrics : accuracy: 0.830 ; loss: 0.505
2018-07-04 10:54:20,616:INFO: - Found new best accuracy
2018-07-04 10:54:20,616:INFO: Epoch 2/10
2018-07-04 10:55:29,685:INFO: - Train metrics: accuracy: 0.861 ; loss: 0.410
2018-07-04 10:55:32,497:INFO: - Eval metrics : accuracy: 0.831 ; loss: 0.498
2018-07-04 10:55:33,221:INFO: - Found new best accuracy
2018-07-04 10:55:33,221:INFO: Epoch 3/10
2018-07-04 10:56:42,325:INFO: - Train metrics: accuracy: 0.863 ; loss: 0.429
2018-07-04 10:56:45,133:INFO: - Eval metrics : accuracy: 0.842 ; loss: 0.464
2018-07-04 10:56:46,074:INFO: - Found new best accuracy
2018-07-04 10:56:46,074:INFO: Epoch 4/10
2018-07-04 10:57:55,139:INFO: - Train metrics: accuracy: 0.882 ; loss: 0.369
2018-07-04 10:57:57,947:INFO: - Eval metrics : accuracy: 0.841 ; loss: 0.471
2018-07-04 10:57:58,552:INFO: Epoch 5/10
2018-07-04 10:59:07,598:INFO: - Train metrics: accuracy: 0.868 ; loss: 0.380
2018-07-04 10:59:10,417:INFO: - Eval metrics : accuracy: 0.856 ; loss: 0.425
2018-07-04 10:59:11,189:INFO: - Found new best accuracy
2018-07-04 10:59:11,190:INFO: Epoch 6/10
2018-07-04 11:00:20,315:INFO: - Train metrics: accuracy: 0.868 ; loss: 0.363
2018-07-04 11:00:23,162:INFO: - Eval metrics : accuracy: 0.849 ; loss: 0.460
2018-07-04 11:00:23,570:INFO: Epoch 7/10
2018-07-04 11:01:32,695:INFO: - Train metrics: accuracy: 0.868 ; loss: 0.349
2018-07-04 11:01:35,497:INFO: - Eval metrics : accuracy: 0.859 ; loss: 0.426
2018-07-04 11:01:36,495:INFO: - Found new best accuracy
2018-07-04 11:01:36,496:INFO: Epoch 8/10
2018-07-04 11:02:45,564:INFO: - Train metrics: accuracy: 0.887 ; loss: 0.319
2018-07-04 11:02:48,390:INFO: - Eval metrics : accuracy: 0.861 ; loss: 0.412
2018-07-04 11:02:49,380:INFO: - Found new best accuracy
2018-07-04 11:02:49,381:INFO: Epoch 9/10
2018-07-04 11:03:58,433:INFO: - Train metrics: accuracy: 0.897 ; loss: 0.310
2018-07-04 11:04:01,246:INFO: - Eval metrics : accuracy: 0.862 ; loss: 0.418
2018-07-04 11:04:02,323:INFO: - Found new best accuracy
2018-07-04 11:04:02,324:INFO: Epoch 10/10
2018-07-04 11:05:11,382:INFO: - Train metrics: accuracy: 0.923 ; loss: 0.209
2018-07-04 11:05:14,204:INFO: - Eval metrics : accuracy: 0.860 ; loss: 0.437
2018-07-04 11:05:27,515:INFO: Loading the datasets...
2018-07-04 11:05:27,747:INFO: - done.
2018-07-04 11:05:31,242:INFO: Starting training for 10 epoch(s)
2018-07-04 11:05:31,242:INFO: Restoring parameters from experiments/vgg_base/best.pth.tar
2018-07-04 11:05:31,408:INFO: Epoch 1/10
2018-07-04 11:06:40,078:INFO: - Train metrics: accuracy: 0.882 ; loss: 0.279
2018-07-04 11:06:42,886:INFO: - Eval metrics : accuracy: 0.859 ; loss: 0.417
2018-07-04 11:06:43,988:INFO: - Found new best accuracy
2018-07-04 11:06:43,989:INFO: Epoch 2/10
2018-07-04 11:07:52,774:INFO: - Train metrics: accuracy: 0.892 ; loss: 0.335
2018-07-04 11:07:55,596:INFO: - Eval metrics : accuracy: 0.863 ; loss: 0.416
2018-07-04 11:07:57,004:INFO: - Found new best accuracy
2018-07-04 11:07:57,005:INFO: Epoch 3/10
2018-07-04 11:09:05,825:INFO: - Train metrics: accuracy: 0.892 ; loss: 0.278
2018-07-04 11:09:08,633:INFO: - Eval metrics : accuracy: 0.867 ; loss: 0.410
2018-07-04 11:09:09,532:INFO: - Found new best accuracy
2018-07-04 11:09:09,532:INFO: Epoch 4/10
2018-07-04 11:10:18,261:INFO: - Train metrics: accuracy: 0.906 ; loss: 0.277
2018-07-04 11:10:21,063:INFO: - Eval metrics : accuracy: 0.864 ; loss: 0.421
2018-07-04 11:10:21,679:INFO: Epoch 5/10
2018-07-04 11:11:30,490:INFO: - Train metrics: accuracy: 0.913 ; loss: 0.270
2018-07-04 11:11:33,300:INFO: - Eval metrics : accuracy: 0.870 ; loss: 0.398
2018-07-04 11:11:34,415:INFO: - Found new best accuracy
2018-07-04 11:11:34,416:INFO: Epoch 6/10
2018-07-04 11:12:43,201:INFO: - Train metrics: accuracy: 0.887 ; loss: 0.285
2018-07-04 11:12:46,007:INFO: - Eval metrics : accuracy: 0.875 ; loss: 0.391
2018-07-04 11:12:47,125:INFO: - Found new best accuracy
2018-07-04 11:12:47,126:INFO: Epoch 7/10
2018-07-04 11:13:55,847:INFO: - Train metrics: accuracy: 0.935 ; loss: 0.183
2018-07-04 11:13:58,678:INFO: - Eval metrics : accuracy: 0.870 ; loss: 0.394
2018-07-04 11:13:59,294:INFO: Epoch 8/10
2018-07-04 11:15:07,910:INFO: - Train metrics: accuracy: 0.923 ; loss: 0.197
2018-07-04 11:15:10,717:INFO: - Eval metrics : accuracy: 0.877 ; loss: 0.377
2018-07-04 11:15:12,551:INFO: - Found new best accuracy
2018-07-04 11:15:12,552:INFO: Epoch 9/10
2018-07-04 11:16:21,676:INFO: - Train metrics: accuracy: 0.899 ; loss: 0.268
2018-07-04 11:16:24,489:INFO: - Eval metrics : accuracy: 0.863 ; loss: 0.436
2018-07-04 11:16:25,148:INFO: Epoch 10/10
2018-07-04 11:17:34,111:INFO: - Train metrics: accuracy: 0.938 ; loss: 0.177
2018-07-04 11:17:36,933:INFO: - Eval metrics : accuracy: 0.875 ; loss: 0.402
2018-07-04 11:24:34,172:INFO: Loading the datasets...
2018-07-04 11:24:34,401:INFO: - done.
2018-07-04 11:24:38,165:INFO: Starting training for 10 epoch(s)
2018-07-04 11:24:38,165:INFO: Restoring parameters from experiments/vgg_base/best.pth.tar
2018-07-04 11:24:38,345:INFO: Epoch 1/10
2018-07-04 11:25:46,905:INFO: - Train metrics: accuracy: 0.928 ; loss: 0.228
2018-07-04 11:25:49,725:INFO: - Eval metrics : accuracy: 0.869 ; loss: 0.400
2018-07-04 11:25:51,041:INFO: - Found new best accuracy
2018-07-04 11:25:51,042:INFO: Epoch 2/10
2018-07-04 11:26:59,788:INFO: - Train metrics: accuracy: 0.925 ; loss: 0.222
2018-07-04 11:27:02,628:INFO: - Eval metrics : accuracy: 0.867 ; loss: 0.417
2018-07-04 11:27:03,230:INFO: Epoch 3/10
2018-07-04 11:28:11,968:INFO: - Train metrics: accuracy: 0.909 ; loss: 0.241
2018-07-04 11:28:14,774:INFO: - Eval metrics : accuracy: 0.880 ; loss: 0.379
2018-07-04 11:28:15,981:INFO: - Found new best accuracy
2018-07-04 11:28:15,981:INFO: Epoch 4/10
2018-07-04 11:29:24,673:INFO: - Train metrics: accuracy: 0.921 ; loss: 0.201
2018-07-04 11:29:27,492:INFO: - Eval metrics : accuracy: 0.884 ; loss: 0.373
2018-07-04 11:29:28,661:INFO: - Found new best accuracy
2018-07-04 11:29:28,662:INFO: Epoch 5/10
2018-07-04 11:30:37,352:INFO: - Train metrics: accuracy: 0.940 ; loss: 0.171
2018-07-04 11:30:40,177:INFO: - Eval metrics : accuracy: 0.883 ; loss: 0.384
2018-07-04 11:30:40,792:INFO: Epoch 6/10
2018-07-04 11:31:49,504:INFO: - Train metrics: accuracy: 0.925 ; loss: 0.231
2018-07-04 11:31:52,346:INFO: - Eval metrics : accuracy: 0.880 ; loss: 0.407
2018-07-04 11:31:52,945:INFO: Epoch 7/10
2018-07-04 11:33:01,708:INFO: - Train metrics: accuracy: 0.952 ; loss: 0.148
2018-07-04 11:33:04,540:INFO: - Eval metrics : accuracy: 0.876 ; loss: 0.395
2018-07-04 11:33:05,131:INFO: Epoch 8/10
2018-07-04 11:34:13,865:INFO: - Train metrics: accuracy: 0.938 ; loss: 0.186
2018-07-04 11:34:16,689:INFO: - Eval metrics : accuracy: 0.884 ; loss: 0.377
2018-07-04 11:34:17,903:INFO: - Found new best accuracy
2018-07-04 11:34:17,903:INFO: Epoch 9/10
2018-07-04 11:35:26,557:INFO: - Train metrics: accuracy: 0.940 ; loss: 0.172
2018-07-04 11:35:29,391:INFO: - Eval metrics : accuracy: 0.869 ; loss: 0.441
2018-07-04 11:35:30,006:INFO: Epoch 10/10
2018-07-04 11:36:38,733:INFO: - Train metrics: accuracy: 0.969 ; loss: 0.112
2018-07-04 11:36:41,573:INFO: - Eval metrics : accuracy: 0.887 ; loss: 0.379
2018-07-04 11:36:42,923:INFO: - Found new best accuracy
2018-07-04 14:44:36,626:INFO: Loading the datasets...
2018-07-04 14:44:36,865:INFO: - done.
2018-07-04 14:44:40,551:INFO: Starting training for 30 epoch(s)
2018-07-04 14:44:40,551:INFO: Restoring parameters from experiments/vgg_base/best.pth.tar
2018-07-04 14:44:40,768:INFO: Epoch 1/30
2018-07-04 14:45:49,950:INFO: - Train metrics: accuracy: 0.947 ; loss: 0.144
2018-07-04 14:45:52,788:INFO: - Eval metrics : accuracy: 0.884 ; loss: 0.380
2018-07-04 14:45:53,785:INFO: - Found new best accuracy
2018-07-04 14:45:53,786:INFO: Epoch 2/30
2018-07-04 14:47:02,746:INFO: - Train metrics: accuracy: 0.947 ; loss: 0.156
2018-07-04 14:47:05,572:INFO: - Eval metrics : accuracy: 0.882 ; loss: 0.389
2018-07-04 14:47:06,219:INFO: Epoch 3/30
2018-07-04 14:48:15,211:INFO: - Train metrics: accuracy: 0.945 ; loss: 0.151
2018-07-04 14:48:18,030:INFO: - Eval metrics : accuracy: 0.883 ; loss: 0.402
2018-07-04 14:48:18,659:INFO: Epoch 4/30
2018-07-04 14:49:27,607:INFO: - Train metrics: accuracy: 0.933 ; loss: 0.171
2018-07-04 14:49:30,446:INFO: - Eval metrics : accuracy: 0.886 ; loss: 0.400
2018-07-04 14:49:31,717:INFO: - Found new best accuracy
2018-07-04 14:49:31,718:INFO: Epoch 5/30
2018-07-04 14:50:40,760:INFO: - Train metrics: accuracy: 0.950 ; loss: 0.133
2018-07-04 14:50:43,576:INFO: - Eval metrics : accuracy: 0.888 ; loss: 0.379
2018-07-04 14:50:44,671:INFO: - Found new best accuracy
2018-07-04 14:50:44,671:INFO: Epoch 6/30
2018-07-04 14:51:53,753:INFO: - Train metrics: accuracy: 0.942 ; loss: 0.170
2018-07-04 14:51:56,602:INFO: - Eval metrics : accuracy: 0.890 ; loss: 0.392
2018-07-04 14:51:57,908:INFO: - Found new best accuracy
2018-07-04 14:51:57,909:INFO: Epoch 7/30
2018-07-04 14:53:06,935:INFO: - Train metrics: accuracy: 0.959 ; loss: 0.121
2018-07-04 14:53:09,762:INFO: - Eval metrics : accuracy: 0.891 ; loss: 0.375
2018-07-04 14:53:11,033:INFO: - Found new best accuracy
2018-07-04 14:53:11,034:INFO: Epoch 8/30
2018-07-04 14:54:20,114:INFO: - Train metrics: accuracy: 0.950 ; loss: 0.131
2018-07-04 14:54:22,945:INFO: - Eval metrics : accuracy: 0.879 ; loss: 0.414
2018-07-04 14:54:23,570:INFO: Epoch 9/30
2018-07-04 14:55:32,562:INFO: - Train metrics: accuracy: 0.954 ; loss: 0.149
2018-07-04 14:55:35,396:INFO: - Eval metrics : accuracy: 0.889 ; loss: 0.406
2018-07-04 14:55:35,969:INFO: Epoch 10/30
2018-07-04 14:56:45,018:INFO: - Train metrics: accuracy: 0.966 ; loss: 0.099
2018-07-04 14:56:47,842:INFO: - Eval metrics : accuracy: 0.888 ; loss: 0.399
2018-07-04 14:56:48,485:INFO: Epoch 11/30
2018-07-04 14:57:57,493:INFO: - Train metrics: accuracy: 0.952 ; loss: 0.152
2018-07-04 14:58:00,326:INFO: - Eval metrics : accuracy: 0.888 ; loss: 0.395
2018-07-04 14:58:00,955:INFO: Epoch 12/30
2018-07-04 14:59:09,990:INFO: - Train metrics: accuracy: 0.981 ; loss: 0.085
2018-07-04 14:59:12,834:INFO: - Eval metrics : accuracy: 0.889 ; loss: 0.395
2018-07-04 14:59:13,437:INFO: Epoch 13/30
2018-07-04 15:00:22,415:INFO: - Train metrics: accuracy: 0.935 ; loss: 0.170
2018-07-04 15:00:25,239:INFO: - Eval metrics : accuracy: 0.891 ; loss: 0.390
2018-07-04 15:00:26,301:INFO: - Found new best accuracy
2018-07-04 15:00:26,302:INFO: Epoch 14/30
2018-07-04 15:01:35,279:INFO: - Train metrics: accuracy: 0.945 ; loss: 0.153
2018-07-04 15:01:38,095:INFO: - Eval metrics : accuracy: 0.891 ; loss: 0.405
2018-07-04 15:01:38,704:INFO: Epoch 15/30
2018-07-04 15:02:47,581:INFO: - Train metrics: accuracy: 0.954 ; loss: 0.120
2018-07-04 15:02:50,407:INFO: - Eval metrics : accuracy: 0.881 ; loss: 0.432
2018-07-04 15:02:51,042:INFO: Epoch 16/30
2018-07-04 15:03:59,937:INFO: - Train metrics: accuracy: 0.954 ; loss: 0.115
2018-07-04 15:04:02,786:INFO: - Eval metrics : accuracy: 0.883 ; loss: 0.427
2018-07-04 15:04:03,379:INFO: Epoch 17/30
2018-07-04 15:05:12,341:INFO: - Train metrics: accuracy: 0.942 ; loss: 0.117
2018-07-04 15:05:15,174:INFO: - Eval metrics : accuracy: 0.888 ; loss: 0.410
2018-07-04 15:05:15,809:INFO: Epoch 18/30
2018-07-04 15:06:24,774:INFO: - Train metrics: accuracy: 0.952 ; loss: 0.129
2018-07-04 15:06:27,606:INFO: - Eval metrics : accuracy: 0.886 ; loss: 0.409
2018-07-04 15:06:28,180:INFO: Epoch 19/30
2018-07-04 15:07:37,117:INFO: - Train metrics: accuracy: 0.978 ; loss: 0.068
2018-07-04 15:07:39,971:INFO: - Eval metrics : accuracy: 0.883 ; loss: 0.429
2018-07-04 15:07:40,736:INFO: Epoch 20/30
2018-07-04 15:08:49,779:INFO: - Train metrics: accuracy: 0.964 ; loss: 0.108
2018-07-04 15:08:52,640:INFO: - Eval metrics : accuracy: 0.897 ; loss: 0.387
2018-07-04 15:08:53,983:INFO: - Found new best accuracy
2018-07-04 15:08:53,984:INFO: Epoch 21/30
2018-07-04 15:10:02,987:INFO: - Train metrics: accuracy: 0.966 ; loss: 0.101
2018-07-04 15:10:05,814:INFO: - Eval metrics : accuracy: 0.892 ; loss: 0.394
2018-07-04 15:10:06,456:INFO: Epoch 22/30
2018-07-04 15:11:15,464:INFO: - Train metrics: accuracy: 0.959 ; loss: 0.108
2018-07-04 15:11:18,292:INFO: - Eval metrics : accuracy: 0.898 ; loss: 0.370
2018-07-04 15:11:19,544:INFO: - Found new best accuracy
2018-07-04 15:11:19,545:INFO: Epoch 23/30
2018-07-04 15:12:28,262:INFO: - Train metrics: accuracy: 0.959 ; loss: 0.099
2018-07-04 15:12:31,087:INFO: - Eval metrics : accuracy: 0.892 ; loss: 0.405
2018-07-04 15:12:31,712:INFO: Epoch 24/30
2018-07-04 15:13:40,509:INFO: - Train metrics: accuracy: 0.957 ; loss: 0.115
2018-07-04 15:13:43,330:INFO: - Eval metrics : accuracy: 0.890 ; loss: 0.397
2018-07-04 15:13:43,781:INFO: Epoch 25/30
2018-07-04 15:14:52,616:INFO: - Train metrics: accuracy: 0.988 ; loss: 0.057
2018-07-04 15:14:55,418:INFO: - Eval metrics : accuracy: 0.891 ; loss: 0.415
2018-07-04 15:14:56,041:INFO: Epoch 26/30
2018-07-04 15:16:04,811:INFO: - Train metrics: accuracy: 0.974 ; loss: 0.065
2018-07-04 15:16:07,644:INFO: - Eval metrics : accuracy: 0.898 ; loss: 0.382
2018-07-04 15:16:08,246:INFO: Epoch 27/30
2018-07-04 15:17:16,975:INFO: - Train metrics: accuracy: 0.969 ; loss: 0.084
2018-07-04 15:17:19,795:INFO: - Eval metrics : accuracy: 0.890 ; loss: 0.409
2018-07-04 15:17:20,506:INFO: Epoch 28/30
2018-07-04 15:18:29,359:INFO: - Train metrics: accuracy: 0.959 ; loss: 0.112
2018-07-04 15:18:32,190:INFO: - Eval metrics : accuracy: 0.891 ; loss: 0.412
2018-07-04 15:18:32,853:INFO: Epoch 29/30
2018-07-04 15:19:41,750:INFO: - Train metrics: accuracy: 0.971 ; loss: 0.102
2018-07-04 15:19:44,559:INFO: - Eval metrics : accuracy: 0.888 ; loss: 0.436
2018-07-04 15:19:45,173:INFO: Epoch 30/30
2018-07-04 15:20:54,147:INFO: - Train metrics: accuracy: 0.962 ; loss: 0.103
2018-07-04 15:20:56,950:INFO: - Eval metrics : accuracy: 0.899 ; loss: 0.381
2018-07-04 15:20:58,240:INFO: - Found new best accuracy
