2018-07-03 22:19:35,586:INFO: Loading the datasets...
2018-07-03 22:21:12,996:INFO: Loading the datasets...
2018-07-03 22:28:21,766:INFO: Loading the datasets...
2018-07-03 22:32:01,953:INFO: Loading the datasets...
2018-07-03 22:32:02,179:INFO: - done.
2018-07-03 22:32:05,976:INFO: Starting training for 10 epoch(s)
2018-07-03 22:32:05,976:INFO: Epoch 1/10
2018-07-03 22:35:06,065:INFO: Loading the datasets...
2018-07-03 22:35:06,315:INFO: - done.
2018-07-03 22:35:23,481:INFO: Loading the datasets...
2018-07-03 22:35:23,713:INFO: - done.
2018-07-03 23:42:46,949:INFO: Loading the datasets...
2018-07-03 23:42:47,230:INFO: - done.
2018-07-03 23:43:00,058:INFO: Loading the datasets...
2018-07-03 23:43:00,325:INFO: - done.
2018-07-03 23:43:04,670:INFO: Starting training for 10 epoch(s)
2018-07-03 23:43:04,670:INFO: Epoch 1/10
2018-07-03 23:44:13,211:INFO: - Train metrics: accuracy: 0.103 ; loss: -1641.236
2018-07-03 23:44:16,018:INFO: - Eval metrics : accuracy: 0.098 ; loss: -4901.613
2018-07-03 23:44:17,693:INFO: - Found new best accuracy
2018-07-03 23:44:17,693:INFO: Epoch 2/10
2018-07-03 23:45:26,802:INFO: - Train metrics: accuracy: 0.094 ; loss: -10298.827
2018-07-03 23:45:29,622:INFO: - Eval metrics : accuracy: 0.097 ; loss: -17102.130
2018-07-03 23:45:30,392:INFO: Epoch 3/10
2018-07-03 23:48:26,369:INFO: Loading the datasets...
2018-07-03 23:48:26,658:INFO: - done.
2018-07-03 23:48:30,212:INFO: Starting training for 10 epoch(s)
2018-07-03 23:48:30,212:INFO: Epoch 1/10
2018-07-03 23:48:55,667:INFO: Loading the datasets...
2018-07-03 23:48:55,911:INFO: - done.
2018-07-03 23:48:59,597:INFO: Starting training for 10 epoch(s)
2018-07-03 23:48:59,597:INFO: Epoch 1/10
2018-07-03 23:50:07,919:INFO: - Train metrics: accuracy: 0.375 ; loss: 1.637
2018-07-03 23:50:10,752:INFO: - Eval metrics : accuracy: 0.522 ; loss: 1.315
2018-07-03 23:50:12,259:INFO: - Found new best accuracy
2018-07-03 23:50:12,259:INFO: Epoch 2/10
2018-07-03 23:51:20,678:INFO: - Train metrics: accuracy: 0.572 ; loss: 1.197
2018-07-03 23:51:23,474:INFO: - Eval metrics : accuracy: 0.601 ; loss: 1.129
2018-07-03 23:51:24,379:INFO: - Found new best accuracy
2018-07-03 23:51:24,380:INFO: Epoch 3/10
2018-07-03 23:52:32,788:INFO: - Train metrics: accuracy: 0.606 ; loss: 1.029
2018-07-03 23:52:35,608:INFO: - Eval metrics : accuracy: 0.664 ; loss: 0.954
2018-07-03 23:52:36,830:INFO: - Found new best accuracy
2018-07-03 23:52:36,831:INFO: Epoch 4/10
2018-07-03 23:53:46,135:INFO: - Train metrics: accuracy: 0.702 ; loss: 0.860
2018-07-03 23:53:48,985:INFO: - Eval metrics : accuracy: 0.687 ; loss: 0.900
2018-07-03 23:53:49,961:INFO: - Found new best accuracy
2018-07-03 23:53:49,962:INFO: Epoch 5/10
2018-07-03 23:54:58,989:INFO: - Train metrics: accuracy: 0.736 ; loss: 0.818
2018-07-03 23:55:01,908:INFO: - Eval metrics : accuracy: 0.730 ; loss: 0.778
2018-07-03 23:55:03,304:INFO: - Found new best accuracy
2018-07-03 23:55:03,305:INFO: Epoch 6/10
2018-07-03 23:56:11,682:INFO: - Train metrics: accuracy: 0.726 ; loss: 0.748
2018-07-03 23:56:14,480:INFO: - Eval metrics : accuracy: 0.731 ; loss: 0.827
2018-07-03 23:56:15,465:INFO: - Found new best accuracy
2018-07-03 23:56:15,466:INFO: Epoch 7/10
2018-07-03 23:57:23,827:INFO: - Train metrics: accuracy: 0.786 ; loss: 0.695
2018-07-03 23:57:26,642:INFO: - Eval metrics : accuracy: 0.786 ; loss: 0.624
2018-07-03 23:57:27,670:INFO: - Found new best accuracy
2018-07-03 23:57:27,671:INFO: Epoch 8/10
2018-07-03 23:58:36,078:INFO: - Train metrics: accuracy: 0.786 ; loss: 0.632
2018-07-03 23:58:38,879:INFO: - Eval metrics : accuracy: 0.779 ; loss: 0.662
2018-07-03 23:58:39,541:INFO: Epoch 9/10
2018-07-03 23:59:47,830:INFO: - Train metrics: accuracy: 0.812 ; loss: 0.513
2018-07-03 23:59:50,630:INFO: - Eval metrics : accuracy: 0.789 ; loss: 0.625
2018-07-03 23:59:51,824:INFO: - Found new best accuracy
2018-07-03 23:59:51,825:INFO: Epoch 10/10
2018-07-04 00:01:00,217:INFO: - Train metrics: accuracy: 0.786 ; loss: 0.541
2018-07-04 00:01:03,014:INFO: - Eval metrics : accuracy: 0.803 ; loss: 0.592
2018-07-04 00:01:04,049:INFO: - Found new best accuracy
