2018-07-03 00:02:58,403:INFO: Loading the datasets...
2018-07-03 00:02:58,408:INFO: - done.
2018-07-03 00:03:00,824:INFO: Starting training for 10 epoch(s)
2018-07-03 00:03:00,824:INFO: Epoch 1/10
2018-07-03 00:03:01,200:INFO: - Train metrics: accuracy: 0.250 ; loss: 1.906
2018-07-03 00:03:01,359:INFO: - Eval metrics : accuracy: 0.406 ; loss: 2.032
2018-07-03 00:03:01,434:INFO: - Found new best accuracy
2018-07-03 00:03:01,434:INFO: Epoch 2/10
2018-07-03 00:03:01,810:INFO: - Train metrics: accuracy: 0.562 ; loss: 1.363
2018-07-03 00:03:01,981:INFO: - Eval metrics : accuracy: 0.496 ; loss: 1.286
2018-07-03 00:03:02,013:INFO: - Found new best accuracy
2018-07-03 00:03:02,013:INFO: Epoch 3/10
2018-07-03 00:03:02,346:INFO: - Train metrics: accuracy: 0.844 ; loss: 0.944
2018-07-03 00:03:02,507:INFO: - Eval metrics : accuracy: 0.329 ; loss: 1.920
2018-07-03 00:03:02,531:INFO: Epoch 4/10
2018-07-03 00:03:02,872:INFO: - Train metrics: accuracy: 0.688 ; loss: 0.979
2018-07-03 00:03:03,029:INFO: - Eval metrics : accuracy: 0.463 ; loss: 1.268
2018-07-03 00:03:03,047:INFO: Epoch 5/10
2018-07-03 00:03:03,429:INFO: - Train metrics: accuracy: 0.750 ; loss: 0.808
2018-07-03 00:03:03,602:INFO: - Eval metrics : accuracy: 0.807 ; loss: 0.680
2018-07-03 00:03:03,639:INFO: - Found new best accuracy
2018-07-03 00:03:03,639:INFO: Epoch 6/10
2018-07-03 00:03:03,983:INFO: - Train metrics: accuracy: 0.812 ; loss: 0.620
2018-07-03 00:03:04,140:INFO: - Eval metrics : accuracy: 0.682 ; loss: 0.825
2018-07-03 00:03:04,165:INFO: Epoch 7/10
2018-07-03 00:03:04,498:INFO: - Train metrics: accuracy: 0.906 ; loss: 0.512
2018-07-03 00:03:04,663:INFO: - Eval metrics : accuracy: 0.881 ; loss: 0.446
2018-07-03 00:03:04,695:INFO: - Found new best accuracy
2018-07-03 00:03:04,695:INFO: Epoch 8/10
2018-07-03 00:03:05,036:INFO: - Train metrics: accuracy: 0.906 ; loss: 0.591
2018-07-03 00:03:05,192:INFO: - Eval metrics : accuracy: 0.865 ; loss: 0.533
2018-07-03 00:03:05,214:INFO: Epoch 9/10
2018-07-03 00:03:05,551:INFO: - Train metrics: accuracy: 0.875 ; loss: 0.489
2018-07-03 00:03:05,713:INFO: - Eval metrics : accuracy: 0.737 ; loss: 0.742
2018-07-03 00:03:05,737:INFO: Epoch 10/10
2018-07-03 00:03:06,070:INFO: - Train metrics: accuracy: 0.906 ; loss: 0.362
2018-07-03 00:03:06,230:INFO: - Eval metrics : accuracy: 0.802 ; loss: 0.813
